2025-09-27 18:53:11,388 - INFO - 7 changes detected
2025-09-27 18:55:14,151 - INFO - Input: abbcc, Output: [2]
2025-09-27 18:55:33,320 - INFO - Input: abbcc, Output: [2]
2025-09-27 18:57:02,824 - INFO - Input: abbcc, Output: [2]
2025-09-27 18:57:08,913 - INFO - Input: a_, Output: [0, 0]
2025-09-27 18:57:26,408 - INFO - Input: abcdabcdab_, Output: [2, 0]
2025-09-27 18:57:37,725 - INFO - Input: dz_a_aazzaaa, Output: [26, 0, 1]
2025-09-28 14:32:38,040 - INFO - Input: abbcc \u2192 Output: [2, 6]
2025-09-29 09:28:42,937 - INFO - Input: aa \u2192 Output: [1]
2025-09-29 09:28:43,003 - INFO - 3 changes detected
2025-09-29 09:29:23,523 - INFO - 1 change detected
2025-09-29 09:29:23,875 - INFO - 1 change detected
2025-09-29 09:29:24,231 - INFO - 1 change detected
2025-09-29 09:29:24,584 - INFO - 1 change detected
2025-09-29 09:29:24,936 - INFO - 1 change detected
2025-09-29 09:29:25,314 - INFO - Input: abbcc \u2192 Output: [2, 6]
2025-09-29 09:29:25,388 - INFO - 4 changes detected
2025-09-29 09:29:25,741 - INFO - 1 change detected
2025-09-29 09:29:26,102 - INFO - 1 change detected
2025-09-29 09:29:26,453 - INFO - 1 change detected
2025-09-29 09:29:26,805 - INFO - 1 change detected
2025-09-29 09:29:27,158 - INFO - 1 change detected
2025-09-29 09:29:27,509 - INFO - 1 change detected
2025-09-29 09:29:27,861 - INFO - 1 change detected
2025-09-29 09:29:28,213 - INFO - 1 change detected
2025-09-29 09:29:28,566 - INFO - 1 change detected
2025-09-29 09:29:28,918 - INFO - 1 change detected
2025-09-29 09:29:29,271 - INFO - 1 change detected
2025-09-29 09:29:29,623 - INFO - 1 change detected
2025-09-29 09:29:29,975 - INFO - 1 change detected
2025-09-29 09:29:30,327 - INFO - 1 change detected
2025-09-29 09:29:30,679 - INFO - 1 change detected
2025-09-29 09:29:31,032 - INFO - 1 change detected
2025-09-29 09:29:31,385 - INFO - 1 change detected
2025-09-29 09:29:31,741 - INFO - 1 change detected
2025-09-29 09:29:32,093 - INFO - 1 change detected
2025-09-29 09:29:32,445 - INFO - 1 change detected
2025-09-29 09:29:32,797 - INFO - 1 change detected
2025-09-29 09:29:33,149 - INFO - 1 change detected
2025-09-29 09:29:33,501 - INFO - 1 change detected
2025-09-29 09:29:33,717 - INFO - Input: dz_a_aazzaaa \u2192 Output: [28, 53, 1]
2025-09-29 09:29:33,852 - INFO - 4 changes detected
2025-09-29 09:29:34,205 - INFO - 1 change detected
2025-09-29 09:29:34,557 - INFO - 1 change detected
2025-09-29 09:29:34,911 - INFO - 1 change detected
2025-09-29 09:29:35,264 - INFO - 1 change detected
2025-09-29 09:29:35,615 - INFO - 1 change detected
2025-09-29 09:29:35,966 - INFO - 1 change detected
2025-09-29 09:29:36,318 - INFO - 1 change detected
2025-09-29 09:29:36,669 - INFO - 1 change detected
2025-09-29 09:29:37,021 - INFO - 1 change detected
2025-09-29 09:29:37,372 - INFO - 1 change detected
2025-09-29 09:29:37,724 - INFO - 1 change detected
2025-09-29 09:29:38,075 - INFO - 1 change detected
2025-09-29 09:29:38,426 - INFO - 1 change detected
2025-09-29 09:29:38,778 - INFO - 1 change detected
2025-09-29 09:29:39,130 - INFO - 1 change detected
2025-09-29 09:29:39,483 - INFO - 1 change detected
2025-09-29 09:29:39,836 - INFO - 1 change detected
2025-09-29 09:29:40,188 - INFO - 1 change detected
2025-09-29 09:29:40,540 - INFO - 1 change detected
2025-09-29 09:29:40,892 - INFO - 1 change detected
2025-09-29 09:29:41,245 - INFO - 1 change detected
2025-09-29 09:29:41,597 - INFO - 1 change detected
2025-09-29 09:29:41,950 - INFO - 1 change detected
2025-09-29 09:29:42,301 - INFO - 1 change detected
2025-09-29 09:29:42,541 - INFO - Input: a_ \u2192 Output: [0]
2025-09-29 09:29:42,697 - INFO - 4 changes detected
2025-09-29 09:29:43,049 - INFO - 1 change detected
2025-09-29 09:29:43,401 - INFO - 1 change detected
2025-09-29 09:29:43,756 - INFO - 1 change detected
2025-09-29 09:29:44,113 - INFO - 1 change detected
2025-09-29 09:29:44,466 - INFO - 1 change detected
2025-09-29 09:29:44,818 - INFO - 1 change detected
2025-09-29 09:29:45,169 - INFO - 1 change detected
2025-09-29 09:29:45,521 - INFO - 1 change detected
2025-09-29 09:29:45,872 - INFO - 1 change detected
2025-09-29 09:29:46,223 - INFO - 1 change detected
2025-09-29 09:29:46,575 - INFO - 1 change detected
2025-09-29 09:29:46,929 - INFO - 1 change detected
2025-09-29 09:29:47,280 - INFO - 1 change detected
2025-09-29 09:29:47,632 - INFO - 1 change detected
2025-09-29 09:29:47,984 - INFO - 1 change detected
2025-09-29 09:29:48,336 - INFO - 1 change detected
2025-09-29 09:29:48,688 - INFO - 1 change detected
2025-09-29 09:29:49,040 - INFO - 1 change detected
2025-09-29 09:29:49,324 - INFO - Input: abcdabcdab \u2192 Output: [2, 7, 7]
2025-09-29 09:29:49,392 - INFO - 4 changes detected
2025-09-29 09:29:49,744 - INFO - 1 change detected
2025-09-29 09:29:50,095 - INFO - 1 change detected
2025-09-29 09:29:50,448 - INFO - 1 change detected
2025-09-29 09:29:50,824 - INFO - 1 change detected
2025-09-29 09:29:51,175 - INFO - 1 change detected
2025-09-29 09:29:51,527 - INFO - 1 change detected
2025-09-29 09:29:51,878 - INFO - 1 change detected
2025-09-29 09:29:52,230 - INFO - 1 change detected
2025-09-29 09:29:52,582 - INFO - 1 change detected
2025-09-29 09:29:52,934 - INFO - 1 change detected
2025-09-29 09:29:53,287 - INFO - 1 change detected
2025-09-29 09:29:53,640 - INFO - 1 change detected
2025-09-29 09:29:53,992 - INFO - 1 change detected
2025-09-29 09:29:54,070 - INFO - Input: abcdabcdab_ \u2192 Output: [2, 7, 7, 0]
2025-09-29 09:29:54,359 - INFO - 4 changes detected
2025-09-29 09:29:54,711 - INFO - 1 change detected
2025-09-29 09:29:55,063 - INFO - 1 change detected
2025-09-29 09:29:55,415 - INFO - 1 change detected
2025-09-29 09:29:55,767 - INFO - 1 change detected
2025-09-29 09:29:56,119 - INFO - 1 change detected
2025-09-29 09:29:56,471 - INFO - 1 change detected
2025-09-29 09:29:56,823 - INFO - 1 change detected
2025-09-29 09:29:57,176 - INFO - 1 change detected
2025-09-29 09:29:57,527 - INFO - 1 change detected
2025-09-29 09:29:57,879 - INFO - 1 change detected
2025-09-29 09:29:58,230 - INFO - 1 change detected
2025-09-29 09:29:58,582 - INFO - 1 change detected
2025-09-29 09:29:58,934 - INFO - 1 change detected
2025-09-29 09:29:59,286 - INFO - 1 change detected
2025-09-29 09:29:59,638 - INFO - 1 change detected
2025-09-29 09:29:59,990 - INFO - 1 change detected
2025-09-29 09:30:00,343 - INFO - 1 change detected
2025-09-29 09:30:00,410 - INFO - Input: zdaaaaaaaabaaaaaaaabaaaaaaaabbaa \u2192 Output: [34]
2025-09-29 09:30:00,694 - INFO - 3 changes detected
2025-09-29 09:30:01,045 - INFO - 1 change detected
2025-09-29 09:30:40,915 - INFO - 1 change detected
2025-09-29 09:30:41,267 - INFO - 1 change detected
2025-09-29 09:30:41,619 - INFO - 1 change detected
2025-09-29 09:30:41,972 - INFO - 1 change detected
2025-09-29 09:30:42,323 - INFO - 1 change detected
2025-09-29 09:30:42,675 - INFO - 1 change detected
2025-09-29 09:30:43,027 - INFO - 1 change detected
2025-09-29 09:30:43,378 - INFO - 1 change detected
2025-09-29 09:30:43,729 - INFO - 1 change detected
2025-09-29 09:30:44,080 - INFO - 1 change detected
2025-09-29 09:30:44,432 - INFO - 1 change detected
2025-09-29 09:30:44,784 - INFO - 1 change detected
2025-09-29 09:30:45,136 - INFO - 1 change detected
2025-09-29 09:30:45,488 - INFO - 1 change detected
2025-09-29 09:30:45,840 - INFO - 1 change detected
2025-09-29 09:30:46,191 - INFO - 1 change detected
2025-09-29 09:30:46,544 - INFO - 1 change detected
2025-09-29 09:30:46,895 - INFO - 1 change detected
2025-09-29 09:30:47,035 - INFO - Fetched history records
2025-09-29 09:30:47,035 - ERROR - Error fetching history: Object of type datetime is not JSON serializable
2025-09-29 09:30:47,247 - INFO - 1 change detected
2025-09-29 09:31:25,800 - INFO - 1 change detected
2025-09-29 09:31:26,152 - INFO - 1 change detected
2025-09-29 09:31:26,504 - INFO - 1 change detected
2025-09-29 09:31:26,857 - INFO - 1 change detected
2025-09-29 09:31:27,209 - INFO - 1 change detected
2025-09-29 09:31:27,561 - INFO - 1 change detected
2025-09-29 09:31:27,912 - INFO - 1 change detected
2025-09-29 09:31:28,263 - INFO - 1 change detected
2025-09-29 09:31:28,615 - INFO - 1 change detected
2025-09-29 09:31:28,971 - INFO - 1 change detected
2025-09-29 09:31:29,322 - INFO - 1 change detected
2025-09-29 09:31:29,673 - INFO - 1 change detected
2025-09-29 09:54:28,274 - INFO - 5 changes detected
2025-09-29 09:54:36,093 - ERROR - Error converting input 'zdaaaaaaaabaaaaaaaabaaaaaaaabbaa': no such table: history
2025-09-29 09:54:36,188 - INFO - 1 change detected
2025-09-29 09:56:22,531 - INFO - 1 change detected
2025-09-29 09:56:23,425 - INFO - 1 change detected
2025-09-29 09:56:25,494 - INFO - 1 change detected
2025-09-29 09:56:25,847 - INFO - 6 changes detected
2025-09-29 09:56:26,198 - INFO - 1 change detected
2025-09-29 09:56:26,550 - INFO - 1 change detected
2025-09-29 09:56:26,902 - INFO - 1 change detected
2025-09-29 09:56:27,254 - INFO - 1 change detected
2025-09-29 09:56:27,605 - INFO - 2 changes detected
2025-09-29 09:56:28,423 - INFO - 1 change detected
2025-09-29 09:56:30,595 - INFO - 6 changes detected
2025-09-29 09:56:30,947 - INFO - 1 change detected
2025-09-29 09:56:31,299 - INFO - 1 change detected
2025-09-29 09:56:31,651 - INFO - 1 change detected
2025-09-29 09:56:32,004 - INFO - 1 change detected
2025-09-29 09:56:32,355 - INFO - 1 change detected
2025-09-29 09:56:32,707 - INFO - 1 change detected
2025-09-29 09:56:33,059 - INFO - 1 change detected
2025-09-29 09:56:33,411 - INFO - 1 change detected
2025-09-29 09:56:33,762 - INFO - 1 change detected
2025-09-29 09:56:34,114 - INFO - 1 change detected
2025-09-29 09:56:34,467 - INFO - 1 change detected
2025-09-29 09:56:34,819 - INFO - 1 change detected
2025-09-29 09:56:35,170 - INFO - 1 change detected
2025-09-29 09:56:35,522 - INFO - 1 change detected
2025-09-29 09:56:35,873 - INFO - 1 change detected
2025-09-29 09:56:36,225 - INFO - 1 change detected
2025-09-29 09:56:36,577 - INFO - 1 change detected
2025-09-29 09:56:36,928 - INFO - 1 change detected
2025-09-29 09:56:52,059 - INFO - 1 change detected
2025-09-29 09:56:52,416 - INFO - 1 change detected
2025-09-29 09:56:52,770 - INFO - 1 change detected
2025-09-29 09:56:53,122 - INFO - 1 change detected
2025-09-29 09:56:53,474 - INFO - 1 change detected
2025-09-29 09:56:53,827 - INFO - 1 change detected
2025-09-29 09:56:54,180 - INFO - 1 change detected
2025-09-29 09:56:54,533 - INFO - 1 change detected
2025-09-29 09:56:54,554 - ERROR - Error converting input 'zdaaaaaaaabaaaaaaaabaaaaaaaabbaa': no such table: history
2025-09-29 09:56:54,887 - INFO - 1 change detected
2025-09-29 09:56:55,240 - INFO - 1 change detected
2025-09-29 09:56:55,595 - INFO - 1 change detected
2025-09-29 09:57:48,879 - INFO - 1 change detected
2025-09-29 09:57:49,235 - INFO - 1 change detected
2025-09-29 09:57:49,592 - INFO - 1 change detected
2025-09-29 09:57:49,952 - INFO - 1 change detected
2025-09-29 09:57:50,304 - INFO - 1 change detected
2025-09-29 09:57:50,659 - INFO - 1 change detected
2025-09-29 09:57:51,022 - INFO - 1 change detected
2025-09-29 09:57:51,384 - INFO - 1 change detected
2025-09-29 09:57:51,753 - INFO - 1 change detected
2025-09-29 09:57:52,106 - INFO - 1 change detected
2025-09-29 09:57:52,219 - ERROR - Error converting input 'abbcc': no such table: history
2025-09-29 09:57:52,458 - INFO - 1 change detected
2025-09-29 09:57:52,811 - INFO - 1 change detected
2025-09-29 09:57:53,163 - INFO - 1 change detected
2025-09-29 09:57:53,515 - INFO - 1 change detected
2025-09-29 09:57:53,866 - INFO - 1 change detected
2025-09-29 09:57:54,219 - INFO - 1 change detected
2025-09-29 09:57:54,572 - INFO - 1 change detected
2025-09-29 09:57:54,924 - INFO - 1 change detected
2025-09-29 09:57:55,277 - INFO - 1 change detected
2025-09-29 09:57:55,629 - INFO - 1 change detected
2025-09-29 09:57:55,981 - INFO - 1 change detected
2025-09-29 09:57:56,150 - ERROR - Error converting input 'abbcc': no such table: history
2025-09-29 09:57:56,337 - INFO - 1 change detected
2025-09-29 09:57:56,689 - INFO - 1 change detected
2025-09-29 09:57:57,053 - INFO - 1 change detected
2025-09-29 09:57:57,407 - INFO - 1 change detected
2025-09-29 09:57:57,765 - INFO - 1 change detected
2025-09-29 09:57:58,120 - INFO - 1 change detected
2025-09-29 09:58:34,322 - INFO - 1 change detected
2025-09-29 09:58:34,680 - INFO - 1 change detected
2025-09-29 09:58:35,032 - INFO - 1 change detected
2025-09-29 09:58:35,393 - INFO - 1 change detected
2025-09-29 09:58:35,747 - INFO - 1 change detected
2025-09-29 09:58:36,101 - INFO - 1 change detected
2025-09-29 09:58:36,454 - INFO - 1 change detected
2025-09-29 09:58:36,808 - INFO - 1 change detected
2025-09-29 09:58:37,160 - INFO - 1 change detected
2025-09-29 09:58:37,515 - INFO - 1 change detected
2025-09-29 09:58:37,872 - INFO - 1 change detected
2025-09-29 09:58:38,226 - INFO - 1 change detected
2025-09-29 09:58:38,578 - INFO - 1 change detected
2025-09-29 09:58:38,934 - INFO - 1 change detected
2025-09-29 09:58:39,314 - INFO - 1 change detected
2025-09-29 09:58:39,673 - INFO - 1 change detected
2025-09-29 09:58:40,035 - INFO - 1 change detected
2025-09-29 09:58:40,388 - INFO - 1 change detected
2025-09-29 09:58:40,747 - INFO - 1 change detected
2025-09-29 09:58:41,106 - INFO - 1 change detected
2025-09-29 09:58:41,458 - INFO - 1 change detected
2025-09-29 09:58:41,812 - INFO - 1 change detected
2025-09-29 09:58:41,989 - ERROR - Error fetching history: no such table: history
2025-09-29 09:58:42,165 - INFO - 1 change detected
2025-09-29 09:59:11,635 - INFO - 1 change detected
2025-09-29 09:59:12,042 - INFO - 1 change detected
2025-09-29 09:59:12,395 - INFO - 1 change detected
2025-09-29 09:59:12,759 - INFO - 1 change detected
2025-09-29 09:59:13,119 - INFO - 1 change detected
2025-09-29 09:59:13,479 - INFO - 1 change detected
2025-09-29 09:59:13,833 - INFO - 1 change detected
2025-09-29 09:59:14,188 - INFO - 1 change detected
2025-09-29 09:59:14,552 - INFO - 1 change detected
2025-09-29 09:59:14,907 - INFO - 1 change detected
2025-09-29 09:59:15,259 - INFO - 1 change detected
2025-09-29 09:59:15,612 - INFO - 1 change detected
2025-09-29 09:59:15,965 - INFO - 1 change detected
2025-09-29 09:59:16,084 - ERROR - Error fetching history: no such table: history
2025-09-29 09:59:16,326 - INFO - 1 change detected
2025-09-29 09:59:16,679 - INFO - 1 change detected
2025-09-29 09:59:17,032 - INFO - 1 change detected
2025-09-29 09:59:17,385 - INFO - 1 change detected
2025-09-29 09:59:17,738 - INFO - 1 change detected
2025-09-29 09:59:18,090 - INFO - 1 change detected
2025-09-29 09:59:18,443 - INFO - 1 change detected
2025-09-29 09:59:18,796 - INFO - 1 change detected
2025-09-29 09:59:19,148 - INFO - 1 change detected
2025-09-29 09:59:19,500 - INFO - 1 change detected
2025-09-29 09:59:19,853 - INFO - 1 change detected
2025-09-29 09:59:20,206 - INFO - 1 change detected
2025-09-29 09:59:20,558 - INFO - 1 change detected
2025-09-29 09:59:20,911 - INFO - 1 change detected
2025-09-29 09:59:21,265 - INFO - 1 change detected
2025-09-29 09:59:21,618 - INFO - 1 change detected
2025-09-29 09:59:21,972 - INFO - 1 change detected
2025-09-29 09:59:22,324 - INFO - 1 change detected
2025-09-29 09:59:22,677 - INFO - 1 change detected
2025-09-29 09:59:23,030 - INFO - 1 change detected
2025-09-29 09:59:23,383 - INFO - 1 change detected
2025-09-29 09:59:23,737 - INFO - 1 change detected
2025-09-29 09:59:24,090 - INFO - 1 change detected
2025-09-29 09:59:24,442 - INFO - 1 change detected
2025-09-29 09:59:24,794 - INFO - 1 change detected
2025-09-29 09:59:25,147 - INFO - 1 change detected
2025-09-29 09:59:25,501 - INFO - 1 change detected
2025-09-29 09:59:25,854 - INFO - 1 change detected
2025-09-29 09:59:26,206 - INFO - 1 change detected
2025-09-29 09:59:26,558 - INFO - 1 change detected
2025-09-29 09:59:26,911 - INFO - 1 change detected
2025-09-29 09:59:27,263 - INFO - 1 change detected
2025-09-29 09:59:27,618 - INFO - 1 change detected
2025-09-29 09:59:27,970 - INFO - 1 change detected
2025-09-29 09:59:28,323 - INFO - 1 change detected
2025-09-29 09:59:28,664 - ERROR - Error fetching history: no such table: history
2025-09-29 09:59:28,677 - INFO - 1 change detected
2025-09-29 09:59:29,032 - INFO - 1 change detected
2025-09-29 09:59:29,386 - INFO - 1 change detected
2025-09-29 09:59:29,749 - INFO - 1 change detected
2025-09-29 09:59:30,102 - INFO - 1 change detected
2025-09-29 10:00:30,476 - INFO - 1 change detected
2025-09-29 10:00:30,828 - INFO - 1 change detected
2025-09-29 10:00:31,179 - INFO - 1 change detected
2025-09-29 10:00:31,531 - INFO - 1 change detected
2025-09-29 10:00:31,883 - INFO - 1 change detected
2025-09-29 10:00:32,234 - INFO - 1 change detected
2025-09-29 10:00:32,587 - INFO - 1 change detected
2025-09-29 10:00:32,939 - INFO - 1 change detected
2025-09-29 10:00:33,292 - INFO - 1 change detected
2025-09-29 10:00:33,643 - INFO - 1 change detected
2025-09-29 10:00:33,996 - INFO - 1 change detected
2025-09-29 10:00:34,347 - INFO - 1 change detected
2025-09-29 10:00:34,698 - INFO - 1 change detected
2025-09-29 10:00:35,051 - INFO - 1 change detected
2025-09-29 10:00:35,404 - INFO - 1 change detected
2025-09-29 10:00:35,756 - INFO - 1 change detected
2025-09-29 10:00:36,107 - INFO - 1 change detected
2025-09-29 10:00:36,459 - INFO - 1 change detected
2025-09-29 10:00:36,811 - INFO - 1 change detected
2025-09-29 10:00:37,163 - INFO - 1 change detected
2025-09-29 10:00:37,514 - INFO - 1 change detected
2025-09-29 10:00:37,904 - INFO - 1 change detected
2025-09-29 10:00:38,258 - INFO - 1 change detected
2025-09-29 10:00:38,617 - INFO - 1 change detected
2025-09-29 10:00:38,969 - INFO - 1 change detected
2025-09-29 10:00:39,321 - INFO - 1 change detected
2025-09-29 10:00:39,672 - INFO - 1 change detected
2025-09-29 10:00:40,024 - INFO - 1 change detected
2025-09-29 10:00:40,377 - INFO - 1 change detected
2025-09-29 10:00:40,729 - INFO - 1 change detected
2025-09-29 10:00:41,080 - INFO - 1 change detected
2025-09-29 10:00:41,432 - INFO - 1 change detected
2025-09-29 10:00:41,784 - INFO - 1 change detected
2025-09-29 10:00:42,135 - INFO - 1 change detected
2025-09-29 10:00:42,487 - INFO - 1 change detected
2025-09-29 10:00:42,839 - INFO - 1 change detected
2025-09-29 10:00:43,190 - INFO - 1 change detected
2025-09-29 10:00:43,542 - INFO - 1 change detected
2025-09-29 10:00:43,894 - INFO - 1 change detected
2025-09-29 10:00:44,246 - INFO - 1 change detected
2025-09-29 10:00:44,598 - INFO - 1 change detected
2025-09-29 10:00:44,950 - INFO - 1 change detected
2025-09-29 10:20:38,895 - INFO - Database initialized.
2025-09-29 10:20:38,951 - INFO - 8 changes detected
2025-09-29 10:22:11,667 - INFO - Input: abbcc \u2192 Output: [2, 6]
2025-09-29 10:22:11,760 - INFO - 3 changes detected
2025-09-29 10:26:39,693 - INFO - 1 change detected
2025-09-29 10:26:40,045 - INFO - 1 change detected
2025-09-29 10:42:55,783 - INFO - 1 change detected
2025-09-29 10:42:56,135 - INFO - 1 change detected
2025-09-29 10:42:56,496 - INFO - 1 change detected
2025-09-29 10:42:56,853 - INFO - 1 change detected
2025-09-29 10:42:57,209 - INFO - 1 change detected
2025-09-29 10:42:57,565 - INFO - 1 change detected
2025-09-29 10:42:57,921 - INFO - 1 change detected
2025-09-29 10:42:58,274 - INFO - 1 change detected
2025-09-29 10:42:58,627 - INFO - 1 change detected
2025-09-29 10:42:58,980 - INFO - 1 change detected
2025-09-29 10:42:59,333 - INFO - 1 change detected
2025-09-29 10:42:59,685 - INFO - 1 change detected
2025-09-29 10:43:00,043 - INFO - 1 change detected
2025-09-29 10:43:00,396 - INFO - 1 change detected
2025-09-29 10:43:00,748 - INFO - 1 change detected
2025-09-29 10:43:01,099 - INFO - 1 change detected
2025-09-29 10:43:01,452 - INFO - 1 change detected
2025-09-29 10:43:01,804 - INFO - 1 change detected
2025-09-29 10:43:02,156 - INFO - 1 change detected
2025-09-29 10:43:02,507 - INFO - 1 change detected
2025-09-29 10:43:02,858 - INFO - 1 change detected
2025-09-29 10:43:03,210 - INFO - 1 change detected
2025-09-29 10:43:03,562 - INFO - 1 change detected
2025-09-29 10:43:03,914 - INFO - 1 change detected
2025-09-29 10:43:04,267 - INFO - 1 change detected
2025-09-29 10:43:04,618 - INFO - 1 change detected
2025-09-29 10:43:04,970 - INFO - 1 change detected
2025-09-29 10:43:05,331 - INFO - 1 change detected
2025-09-29 10:43:05,682 - INFO - 1 change detected
2025-09-29 10:43:06,033 - INFO - 1 change detected
2025-09-29 10:43:06,384 - INFO - 1 change detected
2025-09-29 10:43:06,737 - INFO - 1 change detected
2025-09-29 10:43:07,089 - INFO - 1 change detected
2025-09-29 10:43:07,442 - INFO - 1 change detected
2025-09-29 10:43:07,794 - INFO - 1 change detected
2025-09-29 10:43:08,146 - INFO - 1 change detected
2025-09-29 10:43:08,498 - INFO - 1 change detected
2025-09-29 10:43:08,851 - INFO - 1 change detected
2025-09-29 10:43:09,203 - INFO - 1 change detected
2025-09-29 10:43:09,559 - INFO - 1 change detected
2025-09-29 10:43:09,911 - INFO - 1 change detected
2025-09-29 10:43:10,337 - INFO - 2 changes detected
2025-09-29 10:43:11,176 - INFO - 1 change detected
2025-09-29 10:43:13,339 - INFO - Database initialized.
2025-09-29 10:43:13,397 - INFO - 6 changes detected
2025-09-29 10:43:13,748 - INFO - 1 change detected
2025-09-29 10:43:14,100 - INFO - 1 change detected
2025-09-29 10:43:14,452 - INFO - 1 change detected
2025-09-29 10:43:14,803 - INFO - 1 change detected
2025-09-29 10:43:15,155 - INFO - 1 change detected
2025-09-29 10:43:15,508 - INFO - 1 change detected
2025-09-29 10:43:15,859 - INFO - 1 change detected
2025-09-29 10:43:16,211 - INFO - 1 change detected
2025-09-29 10:43:16,564 - INFO - 1 change detected
2025-09-29 10:43:16,917 - INFO - 1 change detected
2025-09-29 10:43:17,268 - INFO - 1 change detected
2025-09-29 10:43:17,620 - INFO - 1 change detected
2025-09-29 10:43:17,973 - INFO - 1 change detected
2025-09-29 10:43:18,325 - INFO - 1 change detected
2025-09-29 10:43:18,678 - INFO - 1 change detected
2025-09-29 10:43:19,030 - INFO - 1 change detected
2025-09-29 10:43:19,382 - INFO - 1 change detected
2025-09-29 10:43:19,733 - INFO - 1 change detected
2025-09-29 10:43:20,085 - INFO - 1 change detected
2025-09-29 10:43:20,437 - INFO - 1 change detected
2025-09-29 10:43:20,789 - INFO - 1 change detected
2025-09-29 10:43:21,142 - INFO - 1 change detected
2025-09-29 10:43:21,493 - INFO - 1 change detected
2025-09-29 10:43:21,844 - INFO - 1 change detected
2025-09-29 10:43:22,196 - INFO - 1 change detected
2025-09-29 10:43:22,556 - INFO - 1 change detected
2025-09-29 10:43:22,907 - INFO - 1 change detected
2025-09-29 10:43:23,259 - INFO - 1 change detected
2025-09-29 10:43:23,611 - INFO - 1 change detected
2025-09-29 10:43:23,962 - INFO - 1 change detected
2025-09-29 10:43:24,314 - INFO - 1 change detected
2025-09-29 10:43:24,665 - INFO - 1 change detected
2025-09-29 10:43:25,018 - INFO - 1 change detected
2025-09-29 10:43:25,369 - INFO - 1 change detected
2025-09-29 10:43:25,720 - INFO - 1 change detected
2025-09-29 10:43:26,071 - INFO - 1 change detected
2025-09-29 10:49:03,666 - INFO - 1 change detected
2025-09-29 10:49:04,068 - INFO - 1 change detected
2025-09-29 10:49:04,471 - INFO - 1 change detected
2025-09-29 10:49:04,822 - INFO - 1 change detected
2025-09-29 10:49:05,225 - INFO - 1 change detected
2025-09-29 10:49:05,576 - INFO - 1 change detected
2025-09-29 10:49:05,977 - INFO - 1 change detected
2025-09-29 10:49:06,329 - INFO - 1 change detected
2025-09-29 10:49:06,731 - INFO - 1 change detected
2025-09-29 10:49:07,134 - INFO - 1 change detected
2025-09-29 10:49:07,485 - INFO - 1 change detected
2025-09-29 10:49:07,888 - INFO - 1 change detected
2025-09-29 10:49:08,239 - INFO - 1 change detected
2025-09-29 10:49:08,641 - INFO - 1 change detected
2025-09-29 10:49:08,992 - INFO - 1 change detected
2025-09-29 10:49:09,394 - INFO - 1 change detected
2025-09-29 10:49:09,796 - INFO - 1 change detected
2025-09-29 10:49:10,161 - INFO - 1 change detected
2025-09-29 10:49:10,562 - INFO - 1 change detected
2025-09-29 10:49:10,914 - INFO - 1 change detected
2025-09-29 10:49:11,373 - INFO - 1 change detected
2025-09-29 10:49:11,776 - INFO - 1 change detected
2025-09-29 10:49:12,179 - INFO - 1 change detected
2025-09-29 10:49:12,533 - INFO - 1 change detected
2025-09-29 10:49:12,935 - INFO - 1 change detected
2025-09-29 10:49:13,288 - INFO - 1 change detected
2025-09-29 10:49:13,691 - INFO - 1 change detected
2025-09-29 10:49:14,044 - INFO - 1 change detected
2025-09-29 10:49:14,894 - INFO - 1 change detected
2025-09-29 10:49:17,058 - INFO - 1 change detected
2025-09-29 10:49:17,098 - INFO - Database initialized.
2025-09-29 10:49:17,409 - INFO - 5 changes detected
2025-09-29 10:49:17,762 - INFO - 1 change detected
2025-09-29 10:49:18,114 - INFO - 1 change detected
2025-09-29 10:49:18,466 - INFO - 1 change detected
2025-09-29 10:49:18,818 - INFO - 1 change detected
2025-09-29 10:49:19,169 - INFO - 1 change detected
2025-09-29 10:49:19,521 - INFO - 1 change detected
2025-09-29 10:49:19,873 - INFO - 1 change detected
2025-09-29 10:49:20,275 - INFO - 1 change detected
2025-09-29 10:49:20,627 - INFO - 1 change detected
2025-09-29 10:49:21,028 - INFO - 1 change detected
2025-09-29 10:49:21,380 - INFO - 1 change detected
2025-09-29 10:49:21,782 - INFO - 1 change detected
2025-09-29 10:49:22,134 - INFO - 1 change detected
2025-09-29 10:49:22,536 - INFO - 1 change detected
2025-09-29 10:49:22,939 - INFO - 1 change detected
2025-09-29 10:49:23,291 - INFO - 1 change detected
2025-09-29 10:49:23,693 - INFO - 1 change detected
2025-09-29 10:49:24,045 - INFO - 1 change detected
2025-09-29 10:49:24,448 - INFO - 1 change detected
2025-09-29 10:49:24,800 - INFO - 1 change detected
2025-09-29 10:49:25,206 - INFO - 1 change detected
2025-09-29 10:49:25,609 - INFO - 1 change detected
2025-09-29 10:49:25,960 - INFO - 1 change detected
2025-09-29 10:49:26,363 - INFO - 1 change detected
2025-09-29 10:49:26,714 - INFO - 1 change detected
2025-09-29 10:49:27,117 - INFO - 1 change detected
2025-09-29 10:49:27,521 - INFO - 1 change detected
2025-09-29 10:49:27,882 - INFO - 1 change detected
2025-09-29 10:49:28,284 - INFO - 1 change detected
2025-09-29 10:49:28,636 - INFO - 1 change detected
2025-09-29 10:49:29,039 - INFO - 1 change detected
2025-09-29 10:49:29,391 - INFO - 1 change detected
2025-09-29 10:49:29,793 - INFO - 1 change detected
2025-09-29 10:49:30,145 - INFO - 1 change detected
2025-09-29 10:49:30,548 - INFO - 1 change detected
2025-09-29 10:49:30,951 - INFO - 1 change detected
2025-09-29 10:49:31,303 - INFO - 1 change detected
2025-09-29 10:49:31,707 - INFO - 1 change detected
2025-09-29 10:49:32,059 - INFO - 1 change detected
2025-09-29 10:49:32,465 - INFO - 1 change detected
2025-09-29 10:49:32,818 - INFO - 1 change detected
2025-09-29 10:49:33,223 - INFO - 1 change detected
2025-09-29 10:49:33,626 - INFO - 1 change detected
2025-09-29 10:49:33,977 - INFO - 1 change detected
2025-09-29 10:49:34,235 - INFO - Input: dz_a_aazzaaa \u2192 Output: [28, 53, 1]
2025-09-29 10:49:34,405 - INFO - 4 changes detected
2025-09-29 10:49:34,759 - INFO - 1 change detected
2025-09-29 10:52:03,484 - INFO - 1 change detected
2025-09-29 10:52:03,842 - INFO - 1 change detected
2025-09-29 10:52:04,195 - INFO - 1 change detected
2025-09-29 10:52:04,548 - INFO - 1 change detected
2025-09-29 10:52:04,901 - INFO - 1 change detected
2025-09-29 10:52:05,252 - INFO - 1 change detected
2025-09-29 10:52:05,607 - INFO - 1 change detected
2025-09-29 10:52:05,959 - INFO - 1 change detected
2025-09-29 10:52:06,313 - INFO - 1 change detected
2025-09-29 10:52:06,688 - INFO - 1 change detected
2025-09-29 10:52:07,043 - INFO - 1 change detected
2025-09-29 10:52:07,397 - INFO - 1 change detected
2025-09-29 10:52:07,751 - INFO - 1 change detected
2025-09-29 10:52:08,105 - INFO - 1 change detected
2025-09-29 10:52:08,458 - INFO - 1 change detected
2025-09-29 10:52:08,813 - INFO - 1 change detected
2025-09-29 10:52:09,167 - INFO - 1 change detected
2025-09-29 10:52:09,521 - INFO - 1 change detected
2025-09-29 10:52:09,873 - INFO - 1 change detected
2025-09-29 10:52:10,226 - INFO - 1 change detected
2025-09-29 10:52:10,579 - INFO - 1 change detected
2025-09-29 10:52:10,935 - INFO - 1 change detected
2025-09-29 10:52:11,287 - INFO - 1 change detected
2025-09-29 10:52:11,640 - INFO - 1 change detected
2025-09-29 10:52:11,995 - INFO - 1 change detected
2025-09-29 10:52:12,348 - INFO - 1 change detected
2025-09-29 10:52:12,703 - INFO - 1 change detected
2025-09-29 10:52:13,056 - INFO - 1 change detected
2025-09-29 10:52:13,408 - INFO - 1 change detected
2025-09-29 10:52:13,763 - INFO - 1 change detected
2025-09-29 10:52:14,122 - INFO - 1 change detected
2025-09-29 10:52:14,478 - INFO - 1 change detected
2025-09-29 10:52:14,834 - INFO - 1 change detected
2025-09-29 10:52:15,188 - INFO - 1 change detected
2025-09-29 10:52:15,552 - INFO - 1 change detected
2025-09-29 10:52:15,906 - INFO - 1 change detected
2025-09-29 10:52:16,263 - INFO - 1 change detected
2025-09-29 10:52:16,619 - INFO - 1 change detected
2025-09-29 10:52:16,979 - INFO - 1 change detected
2025-09-29 10:52:17,332 - INFO - 1 change detected
2025-09-29 10:52:17,687 - INFO - 1 change detected
2025-09-29 10:52:18,039 - INFO - 1 change detected
2025-09-29 10:52:18,391 - INFO - 1 change detected
2025-09-29 10:52:18,744 - INFO - 1 change detected
2025-09-29 10:52:19,096 - INFO - 1 change detected
2025-09-29 10:52:19,448 - INFO - 1 change detected
2025-09-29 10:52:19,799 - INFO - 1 change detected
2025-09-29 10:52:20,151 - INFO - 1 change detected
2025-09-29 10:52:20,504 - INFO - 1 change detected
2025-09-29 10:52:20,855 - INFO - 1 change detected
2025-09-29 10:52:21,216 - INFO - 1 change detected
2025-09-29 10:52:21,568 - INFO - 1 change detected
2025-09-29 10:52:21,920 - INFO - 1 change detected
2025-09-29 10:52:22,270 - INFO - 1 change detected
2025-09-29 10:52:22,623 - INFO - 1 change detected
2025-09-29 10:52:32,187 - INFO - 1 change detected
2025-09-29 10:52:32,538 - INFO - 1 change detected
2025-09-29 10:52:32,891 - INFO - 1 change detected
2025-09-29 10:52:33,271 - INFO - 1 change detected
2025-09-29 10:52:33,623 - INFO - 1 change detected
2025-09-29 10:52:33,976 - INFO - 1 change detected
2025-09-29 10:52:34,332 - INFO - 1 change detected
2025-09-29 10:52:34,684 - INFO - 1 change detected
2025-09-29 10:52:35,035 - INFO - 1 change detected
2025-09-29 10:52:35,387 - INFO - 1 change detected
2025-09-29 10:52:35,739 - INFO - 2 changes detected
2025-09-29 10:52:36,625 - INFO - 1 change detected
2025-09-29 10:52:38,597 - INFO - Database initialized.
2025-09-29 10:52:38,644 - INFO - 6 changes detected
2025-09-29 10:52:38,996 - INFO - 1 change detected
2025-09-29 10:52:39,348 - INFO - 1 change detected
2025-09-29 10:52:39,708 - INFO - 1 change detected
2025-09-29 10:52:40,090 - INFO - 1 change detected
2025-09-29 10:52:40,442 - INFO - 1 change detected
2025-09-29 10:52:40,794 - INFO - 1 change detected
2025-09-29 10:52:41,146 - INFO - 1 change detected
2025-09-29 10:52:41,498 - INFO - 1 change detected
2025-09-29 10:52:41,849 - INFO - 1 change detected
2025-09-29 10:52:42,201 - INFO - 1 change detected
2025-09-29 10:52:42,552 - INFO - 1 change detected
2025-09-29 10:52:42,904 - INFO - 1 change detected
2025-09-29 10:52:43,256 - INFO - 1 change detected
2025-09-29 10:52:43,608 - INFO - 1 change detected
2025-09-29 10:52:43,960 - INFO - 1 change detected
2025-09-29 10:52:44,311 - INFO - 1 change detected
2025-09-29 10:52:44,664 - INFO - 1 change detected
2025-09-29 10:52:45,016 - INFO - 1 change detected
2025-09-29 10:52:45,368 - INFO - 1 change detected
2025-09-29 10:52:58,434 - INFO - 1 change detected
2025-09-29 10:52:58,795 - INFO - 1 change detected
2025-09-29 10:52:59,172 - INFO - 1 change detected
2025-09-29 10:52:59,528 - INFO - 1 change detected
2025-09-29 10:52:59,885 - INFO - 1 change detected
2025-09-29 10:53:00,250 - INFO - 1 change detected
2025-09-29 10:53:00,436 - INFO - Input: a_ \u2192 Output: [0]
2025-09-29 10:53:00,602 - INFO - 4 changes detected
2025-09-29 10:53:00,955 - INFO - 1 change detected
2025-09-29 10:53:01,308 - INFO - 1 change detected
2025-09-29 10:53:01,662 - INFO - 1 change detected
2025-09-29 10:53:02,015 - INFO - 1 change detected
2025-09-29 10:53:02,368 - INFO - 1 change detected
2025-09-29 10:53:02,726 - INFO - 1 change detected
2025-09-29 10:53:27,934 - INFO - 1 change detected
2025-09-29 10:53:28,314 - INFO - 1 change detected
2025-09-29 10:53:28,665 - INFO - 1 change detected
2025-09-29 10:53:29,017 - INFO - 1 change detected
2025-09-29 11:24:08,948 - INFO - Database initialized.
2025-09-29 11:24:08,948 - INFO - Database initialized.
2025-09-29 11:24:31,640 - INFO - Database initialized.
2025-09-29 11:24:31,640 - INFO - Database initialized.
2025-09-29 11:27:13,299 - INFO - Database initialized.
2025-09-29 11:27:28,786 - INFO - Input: zdaaaaaaaabaaaaaaaabaaaaaaaabbaa \u2192 Output: [34]
2025-09-29 12:53:51,005 - INFO - Database initialized.
2025-09-29 12:54:24,335 - INFO - Input: zza_a_a_a_a_a_a_a_a_a_a_a_a_a_a_a_a_a_a_a_a_a_a_a_a_a_a_ \u2192 Output: [26]
2025-09-29 12:57:26,010 - INFO - Database initialized.
2025-09-29 12:57:44,760 - INFO - Input: za_a_a_a_a_a_a_a_a_a_a_a_a_azaaa \u2192 Output: [40, 1]
2025-09-29 12:57:54,428 - INFO - addto the data : [{'id': 9, 'input': 'za_a_a_a_a_a_a_a_a_a_a_a_a_azaaa', 'output': '[40, 1]'}, {'id': 8, 'input': 'zza_a_a_a_a_a_a_a_a_a_a_a_a_a_a_a_a_a_a_a_a_a_a_a_a_a_a_', 'output': '[26]'}, {'id': 7, 'input': 'zdaaaaaaaabaaaaaaaabaaaaaaaabbaa', 'output': '[34]'}, {'id': 6, 'input': 'zdaaaaaaaabaaaaaaaabaaaaaaaabbaa', 'output': '[34]'}, {'id': 5, 'input': 'abcdabcdab_', 'output': '[2, 7, 7, 0]'}, {'id': 4, 'input': 'abcdabcdab', 'output': '[2, 7, 7]'}, {'id': 3, 'input': 'a_', 'output': '[0]'}, {'id': 2, 'input': 'dz_a_aazzaaa', 'output': '[28, 53, 1]'}, {'id': 1, 'input': 'abbcc', 'output': '[2, 6]'}]
2025-09-29 11:20:15,989 - INFO - Database initialized.
2025-09-29 11:20:55,435 - INFO - add to the history fetched 9 records.
2025-09-29 11:21:03,510 - INFO - Input: za_a_a_a_a_a_a_a_a_a_a_a_a_azaaa → Output: [40, 1]
2025-09-29 11:21:09,787 - INFO - Input: aa → Output: [1]
2025-09-29 11:21:21,348 - INFO - Input: aa → Output: [1]
